[2022-07-10 06:57:37] local.ERROR: Cannot declare class CreateProductsTable, because the name is already in use {"exception":"[object] (Symfony\\Component\\ErrorHandler\\Error\\FatalError(code: 0): Cannot declare class CreateProductsTable, because the name is already in use at /run/media/dany98/Shared/Working/Tutorials/WebDev/VUE_laravelcrud/database/migrations/create_products_table.php:6)
[stacktrace]
#0 /run/media/dany98/Shared/Working/Tutorials/WebDev/VUE_laravelcrud/vendor/laravel/framework/src/Illuminate/Foundation/Bootstrap/HandleExceptions.php(222): Symfony\\Component\\ErrorHandler\\Error\\FatalError->__construct(''Cannot declare...', '0', '['type' => 64, ...', '0', '???', '???')
#1 /run/media/dany98/Shared/Working/Tutorials/WebDev/VUE_laravelcrud/vendor/laravel/framework/src/Illuminate/Foundation/Bootstrap/HandleExceptions.php(209): Illuminate\\Foundation\\Bootstrap\\HandleExceptions->fatalErrorFromPhpError('['type' => 64, ...', '0')
#2 /run/media/dany98/Shared/Working/Tutorials/WebDev/VUE_laravelcrud/vendor/laravel/framework/src/Illuminate/Foundation/Bootstrap/HandleExceptions.php(0): Illuminate\\Foundation\\Bootstrap\\HandleExceptions->handleShutdown()
#3 /run/media/dany98/Shared/Working/Tutorials/WebDev/VUE_laravelcrud/vendor/laravel/framework/src/Illuminate/Filesystem/Filesystem.php(132): Illuminate\\Filesystem\\Filesystem->()
#4 /run/media/dany98/Shared/Working/Tutorials/WebDev/VUE_laravelcrud/vendor/laravel/framework/src/Illuminate/Filesystem/Filesystem.php(133): Illuminate\\Filesystem\\Filesystem::Illuminate\\Filesystem\\{closure:/run/media/dany98/Shared/Working/Tutorials/WebDev/VUE_laravelcrud/vendor/laravel/framework/src/Illuminate/Filesystem/Filesystem.php:129-133}()
#5 /run/media/dany98/Shared/Working/Tutorials/WebDev/VUE_laravelcrud/vendor/laravel/framework/src/Illuminate/Database/Migrations/Migrator.php(547): Illuminate\\Filesystem\\Filesystem->requireOnce(''/run/media/dan...', '???')
#6 /run/media/dany98/Shared/Working/Tutorials/WebDev/VUE_laravelcrud/vendor/laravel/framework/src/Illuminate/Database/Migrations/Migrator.php(106): Illuminate\\Database\\Migrations\\Migrator->requireFiles('[0 => '/run/med...')
#7 /run/media/dany98/Shared/Working/Tutorials/WebDev/VUE_laravelcrud/vendor/laravel/framework/src/Illuminate/Database/Console/Migrations/MigrateCommand.php(86): Illuminate\\Database\\Migrations\\Migrator->run('[0 => '/run/med...', '['pretend' => F...')
#8 /run/media/dany98/Shared/Working/Tutorials/WebDev/VUE_laravelcrud/vendor/laravel/framework/src/Illuminate/Database/Migrations/Migrator.php(606): Illuminate\\Database\\Console\\Migrations\\MigrateCommand->Illuminate\\Database\\Console\\Migrations\\{closure:/run/media/dany98/Shared/Working/Tutorials/WebDev/VUE_laravelcrud/vendor/laravel/framework/src/Illuminate/Database/Console/Migrations/MigrateCommand.php:77-98}()
#9 /run/media/dany98/Shared/Working/Tutorials/WebDev/VUE_laravelcrud/vendor/laravel/framework/src/Illuminate/Database/Console/Migrations/MigrateCommand.php(98): Illuminate\\Database\\Migrations\\Migrator->usingConnection('NULL', 'class Closure {...')
#10 /run/media/dany98/Shared/Working/Tutorials/WebDev/VUE_laravelcrud/vendor/laravel/framework/src/Illuminate/Container/BoundMethod.php(36): Illuminate\\Database\\Console\\Migrations\\MigrateCommand->handle()
#11 /run/media/dany98/Shared/Working/Tutorials/WebDev/VUE_laravelcrud/vendor/laravel/framework/src/Illuminate/Container/Util.php(40): Illuminate\\Container\\BoundMethod::Illuminate\\Container\\{closure:/run/media/dany98/Shared/Working/Tutorials/WebDev/VUE_laravelcrud/vendor/laravel/framework/src/Illuminate/Container/BoundMethod.php:35-37}()
#12 /run/media/dany98/Shared/Working/Tutorials/WebDev/VUE_laravelcrud/vendor/laravel/framework/src/Illuminate/Container/BoundMethod.php(93): Illuminate\\Container\\Util::unwrapIfClosure('class Closure {...')
#13 /run/media/dany98/Shared/Working/Tutorials/WebDev/VUE_laravelcrud/vendor/laravel/framework/src/Illuminate/Container/BoundMethod.php(37): Illuminate\\Container\\BoundMethod::callBoundMethod('class Illuminat...', '[0 => class Ill...', 'class Closure {...')
#14 /run/media/dany98/Shared/Working/Tutorials/WebDev/VUE_laravelcrud/vendor/laravel/framework/src/Illuminate/Container/Container.php(653): Illuminate\\Container\\BoundMethod::call('class Illuminat...', '[0 => class Ill...', '[]', 'NULL')
#15 /run/media/dany98/Shared/Working/Tutorials/WebDev/VUE_laravelcrud/vendor/laravel/framework/src/Illuminate/Console/Command.php(136): Illuminate\\Foundation\\Application->call('[0 => class Ill...', '???', '???')
#16 /run/media/dany98/Shared/Working/Tutorials/WebDev/VUE_laravelcrud/vendor/symfony/console/Command/Command.php(298): Illuminate\\Database\\Console\\Migrations\\MigrateCommand->execute('class Symfony\\\\C...', 'class Illuminat...')
#17 /run/media/dany98/Shared/Working/Tutorials/WebDev/VUE_laravelcrud/vendor/laravel/framework/src/Illuminate/Console/Command.php(121): Illuminate\\Database\\Console\\Migrations\\MigrateCommand->run('class Symfony\\\\C...', 'class Illuminat...')
#18 /run/media/dany98/Shared/Working/Tutorials/WebDev/VUE_laravelcrud/vendor/symfony/console/Application.php(1024): Illuminate\\Database\\Console\\Migrations\\MigrateCommand->run('class Symfony\\\\C...', 'class Symfony\\\\C...')
#19 /run/media/dany98/Shared/Working/Tutorials/WebDev/VUE_laravelcrud/vendor/symfony/console/Application.php(299): Illuminate\\Console\\Application->doRunCommand('class Illuminat...', 'class Symfony\\\\C...', 'class Symfony\\\\C...')
#20 /run/media/dany98/Shared/Working/Tutorials/WebDev/VUE_laravelcrud/vendor/symfony/console/Application.php(171): Illuminate\\Console\\Application->doRun('class Symfony\\\\C...', 'class Symfony\\\\C...')
#21 /run/media/dany98/Shared/Working/Tutorials/WebDev/VUE_laravelcrud/vendor/laravel/framework/src/Illuminate/Console/Application.php(94): Illuminate\\Console\\Application->run('class Symfony\\\\C...', 'class Symfony\\\\C...')
#22 /run/media/dany98/Shared/Working/Tutorials/WebDev/VUE_laravelcrud/vendor/laravel/framework/src/Illuminate/Foundation/Console/Kernel.php(129): Illuminate\\Console\\Application->run('class Symfony\\\\C...', 'class Symfony\\\\C...')
#23 /run/media/dany98/Shared/Working/Tutorials/WebDev/VUE_laravelcrud/artisan(37): App\\Console\\Kernel->handle('class Symfony\\\\C...', 'class Symfony\\\\C...')
#24 /run/media/dany98/Shared/Working/Tutorials/WebDev/VUE_laravelcrud/artisan(0): {main}()
#25 {main}
"} 
[2022-07-10 07:01:00] local.ERROR: Cannot declare class CreateProductsTable, because the name is already in use {"exception":"[object] (Symfony\\Component\\ErrorHandler\\Error\\FatalError(code: 0): Cannot declare class CreateProductsTable, because the name is already in use at /run/media/dany98/Shared/Working/Tutorials/WebDev/VUE_laravelcrud/database/migrations/create_products_table.php:6)
[stacktrace]
#0 /run/media/dany98/Shared/Working/Tutorials/WebDev/VUE_laravelcrud/vendor/laravel/framework/src/Illuminate/Foundation/Bootstrap/HandleExceptions.php(222): Symfony\\Component\\ErrorHandler\\Error\\FatalError->__construct(''Cannot declare...', '0', '['type' => 64, ...', '0', '???', '???')
#1 /run/media/dany98/Shared/Working/Tutorials/WebDev/VUE_laravelcrud/vendor/laravel/framework/src/Illuminate/Foundation/Bootstrap/HandleExceptions.php(209): Illuminate\\Foundation\\Bootstrap\\HandleExceptions->fatalErrorFromPhpError('['type' => 64, ...', '0')
#2 /run/media/dany98/Shared/Working/Tutorials/WebDev/VUE_laravelcrud/vendor/laravel/framework/src/Illuminate/Foundation/Bootstrap/HandleExceptions.php(0): Illuminate\\Foundation\\Bootstrap\\HandleExceptions->handleShutdown()
#3 /run/media/dany98/Shared/Working/Tutorials/WebDev/VUE_laravelcrud/vendor/laravel/framework/src/Illuminate/Filesystem/Filesystem.php(132): Illuminate\\Filesystem\\Filesystem->()
#4 /run/media/dany98/Shared/Working/Tutorials/WebDev/VUE_laravelcrud/vendor/laravel/framework/src/Illuminate/Filesystem/Filesystem.php(133): Illuminate\\Filesystem\\Filesystem::Illuminate\\Filesystem\\{closure:/run/media/dany98/Shared/Working/Tutorials/WebDev/VUE_laravelcrud/vendor/laravel/framework/src/Illuminate/Filesystem/Filesystem.php:129-133}()
#5 /run/media/dany98/Shared/Working/Tutorials/WebDev/VUE_laravelcrud/vendor/laravel/framework/src/Illuminate/Database/Migrations/Migrator.php(547): Illuminate\\Filesystem\\Filesystem->requireOnce(''/run/media/dan...', '???')
#6 /run/media/dany98/Shared/Working/Tutorials/WebDev/VUE_laravelcrud/vendor/laravel/framework/src/Illuminate/Database/Migrations/Migrator.php(106): Illuminate\\Database\\Migrations\\Migrator->requireFiles('[0 => '/run/med...')
#7 /run/media/dany98/Shared/Working/Tutorials/WebDev/VUE_laravelcrud/vendor/laravel/framework/src/Illuminate/Database/Console/Migrations/MigrateCommand.php(86): Illuminate\\Database\\Migrations\\Migrator->run('[0 => '/run/med...', '['pretend' => F...')
#8 /run/media/dany98/Shared/Working/Tutorials/WebDev/VUE_laravelcrud/vendor/laravel/framework/src/Illuminate/Database/Migrations/Migrator.php(606): Illuminate\\Database\\Console\\Migrations\\MigrateCommand->Illuminate\\Database\\Console\\Migrations\\{closure:/run/media/dany98/Shared/Working/Tutorials/WebDev/VUE_laravelcrud/vendor/laravel/framework/src/Illuminate/Database/Console/Migrations/MigrateCommand.php:77-98}()
#9 /run/media/dany98/Shared/Working/Tutorials/WebDev/VUE_laravelcrud/vendor/laravel/framework/src/Illuminate/Database/Console/Migrations/MigrateCommand.php(98): Illuminate\\Database\\Migrations\\Migrator->usingConnection('NULL', 'class Closure {...')
#10 /run/media/dany98/Shared/Working/Tutorials/WebDev/VUE_laravelcrud/vendor/laravel/framework/src/Illuminate/Container/BoundMethod.php(36): Illuminate\\Database\\Console\\Migrations\\MigrateCommand->handle()
#11 /run/media/dany98/Shared/Working/Tutorials/WebDev/VUE_laravelcrud/vendor/laravel/framework/src/Illuminate/Container/Util.php(40): Illuminate\\Container\\BoundMethod::Illuminate\\Container\\{closure:/run/media/dany98/Shared/Working/Tutorials/WebDev/VUE_laravelcrud/vendor/laravel/framework/src/Illuminate/Container/BoundMethod.php:35-37}()
#12 /run/media/dany98/Shared/Working/Tutorials/WebDev/VUE_laravelcrud/vendor/laravel/framework/src/Illuminate/Container/BoundMethod.php(93): Illuminate\\Container\\Util::unwrapIfClosure('class Closure {...')
#13 /run/media/dany98/Shared/Working/Tutorials/WebDev/VUE_laravelcrud/vendor/laravel/framework/src/Illuminate/Container/BoundMethod.php(37): Illuminate\\Container\\BoundMethod::callBoundMethod('class Illuminat...', '[0 => class Ill...', 'class Closure {...')
#14 /run/media/dany98/Shared/Working/Tutorials/WebDev/VUE_laravelcrud/vendor/laravel/framework/src/Illuminate/Container/Container.php(653): Illuminate\\Container\\BoundMethod::call('class Illuminat...', '[0 => class Ill...', '[]', 'NULL')
#15 /run/media/dany98/Shared/Working/Tutorials/WebDev/VUE_laravelcrud/vendor/laravel/framework/src/Illuminate/Console/Command.php(136): Illuminate\\Foundation\\Application->call('[0 => class Ill...', '???', '???')
#16 /run/media/dany98/Shared/Working/Tutorials/WebDev/VUE_laravelcrud/vendor/symfony/console/Command/Command.php(298): Illuminate\\Database\\Console\\Migrations\\MigrateCommand->execute('class Symfony\\\\C...', 'class Illuminat...')
#17 /run/media/dany98/Shared/Working/Tutorials/WebDev/VUE_laravelcrud/vendor/laravel/framework/src/Illuminate/Console/Command.php(121): Illuminate\\Database\\Console\\Migrations\\MigrateCommand->run('class Symfony\\\\C...', 'class Illuminat...')
#18 /run/media/dany98/Shared/Working/Tutorials/WebDev/VUE_laravelcrud/vendor/symfony/console/Application.php(1024): Illuminate\\Database\\Console\\Migrations\\MigrateCommand->run('class Symfony\\\\C...', 'class Symfony\\\\C...')
#19 /run/media/dany98/Shared/Working/Tutorials/WebDev/VUE_laravelcrud/vendor/symfony/console/Application.php(299): Illuminate\\Console\\Application->doRunCommand('class Illuminat...', 'class Symfony\\\\C...', 'class Symfony\\\\C...')
#20 /run/media/dany98/Shared/Working/Tutorials/WebDev/VUE_laravelcrud/vendor/symfony/console/Application.php(171): Illuminate\\Console\\Application->doRun('class Symfony\\\\C...', 'class Symfony\\\\C...')
#21 /run/media/dany98/Shared/Working/Tutorials/WebDev/VUE_laravelcrud/vendor/laravel/framework/src/Illuminate/Console/Application.php(94): Illuminate\\Console\\Application->run('class Symfony\\\\C...', 'class Symfony\\\\C...')
#22 /run/media/dany98/Shared/Working/Tutorials/WebDev/VUE_laravelcrud/vendor/laravel/framework/src/Illuminate/Foundation/Console/Kernel.php(129): Illuminate\\Console\\Application->run('class Symfony\\\\C...', 'class Symfony\\\\C...')
#23 /run/media/dany98/Shared/Working/Tutorials/WebDev/VUE_laravelcrud/artisan(37): App\\Console\\Kernel->handle('class Symfony\\\\C...', 'class Symfony\\\\C...')
#24 /run/media/dany98/Shared/Working/Tutorials/WebDev/VUE_laravelcrud/artisan(0): {main}()
#25 {main}
"} 
[2022-07-10 07:01:43] local.ERROR: Cannot declare class CreateProductTable, because the name is already in use {"exception":"[object] (Symfony\\Component\\ErrorHandler\\Error\\FatalError(code: 0): Cannot declare class CreateProductTable, because the name is already in use at /run/media/dany98/Shared/Working/Tutorials/WebDev/VUE_laravelcrud/database/migrations/create_product_table.php:6)
[stacktrace]
#0 /run/media/dany98/Shared/Working/Tutorials/WebDev/VUE_laravelcrud/vendor/laravel/framework/src/Illuminate/Foundation/Bootstrap/HandleExceptions.php(222): Symfony\\Component\\ErrorHandler\\Error\\FatalError->__construct(''Cannot declare...', '0', '['type' => 64, ...', '0', '???', '???')
#1 /run/media/dany98/Shared/Working/Tutorials/WebDev/VUE_laravelcrud/vendor/laravel/framework/src/Illuminate/Foundation/Bootstrap/HandleExceptions.php(209): Illuminate\\Foundation\\Bootstrap\\HandleExceptions->fatalErrorFromPhpError('['type' => 64, ...', '0')
#2 /run/media/dany98/Shared/Working/Tutorials/WebDev/VUE_laravelcrud/vendor/laravel/framework/src/Illuminate/Foundation/Bootstrap/HandleExceptions.php(0): Illuminate\\Foundation\\Bootstrap\\HandleExceptions->handleShutdown()
#3 /run/media/dany98/Shared/Working/Tutorials/WebDev/VUE_laravelcrud/vendor/laravel/framework/src/Illuminate/Filesystem/Filesystem.php(107): Illuminate\\Filesystem\\Filesystem->()
#4 /run/media/dany98/Shared/Working/Tutorials/WebDev/VUE_laravelcrud/vendor/laravel/framework/src/Illuminate/Filesystem/Filesystem.php(108): Illuminate\\Filesystem\\Filesystem::Illuminate\\Filesystem\\{closure:/run/media/dany98/Shared/Working/Tutorials/WebDev/VUE_laravelcrud/vendor/laravel/framework/src/Illuminate/Filesystem/Filesystem.php:104-108}()
#5 /run/media/dany98/Shared/Working/Tutorials/WebDev/VUE_laravelcrud/vendor/laravel/framework/src/Illuminate/Database/Migrations/Migrator.php(505): Illuminate\\Filesystem\\Filesystem->getRequire(''/run/media/dan...', '???')
#6 /run/media/dany98/Shared/Working/Tutorials/WebDev/VUE_laravelcrud/vendor/laravel/framework/src/Illuminate/Database/Migrations/Migrator.php(190): Illuminate\\Database\\Migrations\\Migrator->resolvePath(''/run/media/dan...')
#7 /run/media/dany98/Shared/Working/Tutorials/WebDev/VUE_laravelcrud/vendor/laravel/framework/src/Illuminate/Database/Migrations/Migrator.php(167): Illuminate\\Database\\Migrations\\Migrator->runUp(''/run/media/dan...', '2', 'FALSE')
#8 /run/media/dany98/Shared/Working/Tutorials/WebDev/VUE_laravelcrud/vendor/laravel/framework/src/Illuminate/Database/Migrations/Migrator.php(112): Illuminate\\Database\\Migrations\\Migrator->runPending('[0 => '/run/med...', '['pretend' => F...')
#9 /run/media/dany98/Shared/Working/Tutorials/WebDev/VUE_laravelcrud/vendor/laravel/framework/src/Illuminate/Database/Console/Migrations/MigrateCommand.php(86): Illuminate\\Database\\Migrations\\Migrator->run('[0 => '/run/med...', '['pretend' => F...')
#10 /run/media/dany98/Shared/Working/Tutorials/WebDev/VUE_laravelcrud/vendor/laravel/framework/src/Illuminate/Database/Migrations/Migrator.php(606): Illuminate\\Database\\Console\\Migrations\\MigrateCommand->Illuminate\\Database\\Console\\Migrations\\{closure:/run/media/dany98/Shared/Working/Tutorials/WebDev/VUE_laravelcrud/vendor/laravel/framework/src/Illuminate/Database/Console/Migrations/MigrateCommand.php:77-98}()
#11 /run/media/dany98/Shared/Working/Tutorials/WebDev/VUE_laravelcrud/vendor/laravel/framework/src/Illuminate/Database/Console/Migrations/MigrateCommand.php(98): Illuminate\\Database\\Migrations\\Migrator->usingConnection('NULL', 'class Closure {...')
#12 /run/media/dany98/Shared/Working/Tutorials/WebDev/VUE_laravelcrud/vendor/laravel/framework/src/Illuminate/Container/BoundMethod.php(36): Illuminate\\Database\\Console\\Migrations\\MigrateCommand->handle()
#13 /run/media/dany98/Shared/Working/Tutorials/WebDev/VUE_laravelcrud/vendor/laravel/framework/src/Illuminate/Container/Util.php(40): Illuminate\\Container\\BoundMethod::Illuminate\\Container\\{closure:/run/media/dany98/Shared/Working/Tutorials/WebDev/VUE_laravelcrud/vendor/laravel/framework/src/Illuminate/Container/BoundMethod.php:35-37}()
#14 /run/media/dany98/Shared/Working/Tutorials/WebDev/VUE_laravelcrud/vendor/laravel/framework/src/Illuminate/Container/BoundMethod.php(93): Illuminate\\Container\\Util::unwrapIfClosure('class Closure {...')
#15 /run/media/dany98/Shared/Working/Tutorials/WebDev/VUE_laravelcrud/vendor/laravel/framework/src/Illuminate/Container/BoundMethod.php(37): Illuminate\\Container\\BoundMethod::callBoundMethod('class Illuminat...', '[0 => class Ill...', 'class Closure {...')
#16 /run/media/dany98/Shared/Working/Tutorials/WebDev/VUE_laravelcrud/vendor/laravel/framework/src/Illuminate/Container/Container.php(653): Illuminate\\Container\\BoundMethod::call('class Illuminat...', '[0 => class Ill...', '[]', 'NULL')
#17 /run/media/dany98/Shared/Working/Tutorials/WebDev/VUE_laravelcrud/vendor/laravel/framework/src/Illuminate/Console/Command.php(136): Illuminate\\Foundation\\Application->call('[0 => class Ill...', '???', '???')
#18 /run/media/dany98/Shared/Working/Tutorials/WebDev/VUE_laravelcrud/vendor/symfony/console/Command/Command.php(298): Illuminate\\Database\\Console\\Migrations\\MigrateCommand->execute('class Symfony\\\\C...', 'class Illuminat...')
#19 /run/media/dany98/Shared/Working/Tutorials/WebDev/VUE_laravelcrud/vendor/laravel/framework/src/Illuminate/Console/Command.php(121): Illuminate\\Database\\Console\\Migrations\\MigrateCommand->run('class Symfony\\\\C...', 'class Illuminat...')
#20 /run/media/dany98/Shared/Working/Tutorials/WebDev/VUE_laravelcrud/vendor/symfony/console/Application.php(1024): Illuminate\\Database\\Console\\Migrations\\MigrateCommand->run('class Symfony\\\\C...', 'class Symfony\\\\C...')
#21 /run/media/dany98/Shared/Working/Tutorials/WebDev/VUE_laravelcrud/vendor/symfony/console/Application.php(299): Illuminate\\Console\\Application->doRunCommand('class Illuminat...', 'class Symfony\\\\C...', 'class Symfony\\\\C...')
#22 /run/media/dany98/Shared/Working/Tutorials/WebDev/VUE_laravelcrud/vendor/symfony/console/Application.php(171): Illuminate\\Console\\Application->doRun('class Symfony\\\\C...', 'class Symfony\\\\C...')
#23 /run/media/dany98/Shared/Working/Tutorials/WebDev/VUE_laravelcrud/vendor/laravel/framework/src/Illuminate/Console/Application.php(94): Illuminate\\Console\\Application->run('class Symfony\\\\C...', 'class Symfony\\\\C...')
#24 /run/media/dany98/Shared/Working/Tutorials/WebDev/VUE_laravelcrud/vendor/laravel/framework/src/Illuminate/Foundation/Console/Kernel.php(129): Illuminate\\Console\\Application->run('class Symfony\\\\C...', 'class Symfony\\\\C...')
#25 /run/media/dany98/Shared/Working/Tutorials/WebDev/VUE_laravelcrud/artisan(37): App\\Console\\Kernel->handle('class Symfony\\\\C...', 'class Symfony\\\\C...')
#26 /run/media/dany98/Shared/Working/Tutorials/WebDev/VUE_laravelcrud/artisan(0): {main}()
#27 {main}
"} 
[2022-07-10 15:26:30] local.ERROR: Cannot declare class AbcDfg, because the name is already in use {"exception":"[object] (Symfony\\Component\\ErrorHandler\\Error\\FatalError(code: 0): Cannot declare class AbcDfg, because the name is already in use at /run/media/dany98/Shared/Working/Tutorials/WebDev/VUE_laravelcrud/database/migrations/abc_dfg.php:6)
[stacktrace]
#0 /run/media/dany98/Shared/Working/Tutorials/WebDev/VUE_laravelcrud/vendor/laravel/framework/src/Illuminate/Foundation/Bootstrap/HandleExceptions.php(222): Symfony\\Component\\ErrorHandler\\Error\\FatalError->__construct(''Cannot declare...', '0', '['type' => 64, ...', '0', '???', '???')
#1 /run/media/dany98/Shared/Working/Tutorials/WebDev/VUE_laravelcrud/vendor/laravel/framework/src/Illuminate/Foundation/Bootstrap/HandleExceptions.php(209): Illuminate\\Foundation\\Bootstrap\\HandleExceptions->fatalErrorFromPhpError('['type' => 64, ...', '0')
#2 /run/media/dany98/Shared/Working/Tutorials/WebDev/VUE_laravelcrud/vendor/laravel/framework/src/Illuminate/Foundation/Bootstrap/HandleExceptions.php(0): Illuminate\\Foundation\\Bootstrap\\HandleExceptions->handleShutdown()
#3 /run/media/dany98/Shared/Working/Tutorials/WebDev/VUE_laravelcrud/vendor/laravel/framework/src/Illuminate/Filesystem/Filesystem.php(107): Illuminate\\Filesystem\\Filesystem->()
#4 /run/media/dany98/Shared/Working/Tutorials/WebDev/VUE_laravelcrud/vendor/laravel/framework/src/Illuminate/Filesystem/Filesystem.php(108): Illuminate\\Filesystem\\Filesystem::Illuminate\\Filesystem\\{closure:/run/media/dany98/Shared/Working/Tutorials/WebDev/VUE_laravelcrud/vendor/laravel/framework/src/Illuminate/Filesystem/Filesystem.php:104-108}()
#5 /run/media/dany98/Shared/Working/Tutorials/WebDev/VUE_laravelcrud/vendor/laravel/framework/src/Illuminate/Database/Migrations/Migrator.php(505): Illuminate\\Filesystem\\Filesystem->getRequire(''/run/media/dan...', '???')
#6 /run/media/dany98/Shared/Working/Tutorials/WebDev/VUE_laravelcrud/vendor/laravel/framework/src/Illuminate/Database/Migrations/Migrator.php(190): Illuminate\\Database\\Migrations\\Migrator->resolvePath(''/run/media/dan...')
#7 /run/media/dany98/Shared/Working/Tutorials/WebDev/VUE_laravelcrud/vendor/laravel/framework/src/Illuminate/Database/Migrations/Migrator.php(167): Illuminate\\Database\\Migrations\\Migrator->runUp(''/run/media/dan...', '3', 'FALSE')
#8 /run/media/dany98/Shared/Working/Tutorials/WebDev/VUE_laravelcrud/vendor/laravel/framework/src/Illuminate/Database/Migrations/Migrator.php(112): Illuminate\\Database\\Migrations\\Migrator->runPending('[0 => '/run/med...', '['pretend' => F...')
#9 /run/media/dany98/Shared/Working/Tutorials/WebDev/VUE_laravelcrud/vendor/laravel/framework/src/Illuminate/Database/Console/Migrations/MigrateCommand.php(86): Illuminate\\Database\\Migrations\\Migrator->run('[0 => '/run/med...', '['pretend' => F...')
#10 /run/media/dany98/Shared/Working/Tutorials/WebDev/VUE_laravelcrud/vendor/laravel/framework/src/Illuminate/Database/Migrations/Migrator.php(606): Illuminate\\Database\\Console\\Migrations\\MigrateCommand->Illuminate\\Database\\Console\\Migrations\\{closure:/run/media/dany98/Shared/Working/Tutorials/WebDev/VUE_laravelcrud/vendor/laravel/framework/src/Illuminate/Database/Console/Migrations/MigrateCommand.php:77-98}()
#11 /run/media/dany98/Shared/Working/Tutorials/WebDev/VUE_laravelcrud/vendor/laravel/framework/src/Illuminate/Database/Console/Migrations/MigrateCommand.php(98): Illuminate\\Database\\Migrations\\Migrator->usingConnection('NULL', 'class Closure {...')
#12 /run/media/dany98/Shared/Working/Tutorials/WebDev/VUE_laravelcrud/vendor/laravel/framework/src/Illuminate/Container/BoundMethod.php(36): Illuminate\\Database\\Console\\Migrations\\MigrateCommand->handle()
#13 /run/media/dany98/Shared/Working/Tutorials/WebDev/VUE_laravelcrud/vendor/laravel/framework/src/Illuminate/Container/Util.php(40): Illuminate\\Container\\BoundMethod::Illuminate\\Container\\{closure:/run/media/dany98/Shared/Working/Tutorials/WebDev/VUE_laravelcrud/vendor/laravel/framework/src/Illuminate/Container/BoundMethod.php:35-37}()
#14 /run/media/dany98/Shared/Working/Tutorials/WebDev/VUE_laravelcrud/vendor/laravel/framework/src/Illuminate/Container/BoundMethod.php(93): Illuminate\\Container\\Util::unwrapIfClosure('class Closure {...')
#15 /run/media/dany98/Shared/Working/Tutorials/WebDev/VUE_laravelcrud/vendor/laravel/framework/src/Illuminate/Container/BoundMethod.php(37): Illuminate\\Container\\BoundMethod::callBoundMethod('class Illuminat...', '[0 => class Ill...', 'class Closure {...')
#16 /run/media/dany98/Shared/Working/Tutorials/WebDev/VUE_laravelcrud/vendor/laravel/framework/src/Illuminate/Container/Container.php(653): Illuminate\\Container\\BoundMethod::call('class Illuminat...', '[0 => class Ill...', '[]', 'NULL')
#17 /run/media/dany98/Shared/Working/Tutorials/WebDev/VUE_laravelcrud/vendor/laravel/framework/src/Illuminate/Console/Command.php(136): Illuminate\\Foundation\\Application->call('[0 => class Ill...', '???', '???')
#18 /run/media/dany98/Shared/Working/Tutorials/WebDev/VUE_laravelcrud/vendor/symfony/console/Command/Command.php(298): Illuminate\\Database\\Console\\Migrations\\MigrateCommand->execute('class Symfony\\\\C...', 'class Illuminat...')
#19 /run/media/dany98/Shared/Working/Tutorials/WebDev/VUE_laravelcrud/vendor/laravel/framework/src/Illuminate/Console/Command.php(121): Illuminate\\Database\\Console\\Migrations\\MigrateCommand->run('class Symfony\\\\C...', 'class Illuminat...')
#20 /run/media/dany98/Shared/Working/Tutorials/WebDev/VUE_laravelcrud/vendor/symfony/console/Application.php(1024): Illuminate\\Database\\Console\\Migrations\\MigrateCommand->run('class Symfony\\\\C...', 'class Symfony\\\\C...')
#21 /run/media/dany98/Shared/Working/Tutorials/WebDev/VUE_laravelcrud/vendor/symfony/console/Application.php(299): Illuminate\\Console\\Application->doRunCommand('class Illuminat...', 'class Symfony\\\\C...', 'class Symfony\\\\C...')
#22 /run/media/dany98/Shared/Working/Tutorials/WebDev/VUE_laravelcrud/vendor/symfony/console/Application.php(171): Illuminate\\Console\\Application->doRun('class Symfony\\\\C...', 'class Symfony\\\\C...')
#23 /run/media/dany98/Shared/Working/Tutorials/WebDev/VUE_laravelcrud/vendor/laravel/framework/src/Illuminate/Console/Application.php(94): Illuminate\\Console\\Application->run('class Symfony\\\\C...', 'class Symfony\\\\C...')
#24 /run/media/dany98/Shared/Working/Tutorials/WebDev/VUE_laravelcrud/vendor/laravel/framework/src/Illuminate/Foundation/Console/Kernel.php(129): Illuminate\\Console\\Application->run('class Symfony\\\\C...', 'class Symfony\\\\C...')
#25 /run/media/dany98/Shared/Working/Tutorials/WebDev/VUE_laravelcrud/artisan(37): App\\Console\\Kernel->handle('class Symfony\\\\C...', 'class Symfony\\\\C...')
#26 /run/media/dany98/Shared/Working/Tutorials/WebDev/VUE_laravelcrud/artisan(0): {main}()
#27 {main}
"} 
[2022-07-10 15:29:44] local.ERROR: A AbcDfg class already exists. {"exception":"[object] (InvalidArgumentException(code: 0): A AbcDfg class already exists. at /run/media/dany98/Shared/Working/Tutorials/WebDev/VUE_laravelcrud/vendor/laravel/framework/src/Illuminate/Database/Migrations/MigrationCreator.php:102)
[stacktrace]
#0 /run/media/dany98/Shared/Working/Tutorials/WebDev/VUE_laravelcrud/vendor/laravel/framework/src/Illuminate/Database/Migrations/MigrationCreator.php(59): Illuminate\\Database\\Migrations\\MigrationCreator->ensureMigrationDoesntAlreadyExist()
#1 /run/media/dany98/Shared/Working/Tutorials/WebDev/VUE_laravelcrud/vendor/laravel/framework/src/Illuminate/Database/Console/Migrations/MigrateMakeCommand.php(110): Illuminate\\Database\\Migrations\\MigrationCreator->create()
#2 /run/media/dany98/Shared/Working/Tutorials/WebDev/VUE_laravelcrud/vendor/laravel/framework/src/Illuminate/Database/Console/Migrations/MigrateMakeCommand.php(94): Illuminate\\Database\\Console\\Migrations\\MigrateMakeCommand->writeMigration()
#3 /run/media/dany98/Shared/Working/Tutorials/WebDev/VUE_laravelcrud/vendor/laravel/framework/src/Illuminate/Container/BoundMethod.php(36): Illuminate\\Database\\Console\\Migrations\\MigrateMakeCommand->handle()
#4 /run/media/dany98/Shared/Working/Tutorials/WebDev/VUE_laravelcrud/vendor/laravel/framework/src/Illuminate/Container/Util.php(40): Illuminate\\Container\\BoundMethod::Illuminate\\Container\\{closure}()
#5 /run/media/dany98/Shared/Working/Tutorials/WebDev/VUE_laravelcrud/vendor/laravel/framework/src/Illuminate/Container/BoundMethod.php(93): Illuminate\\Container\\Util::unwrapIfClosure()
#6 /run/media/dany98/Shared/Working/Tutorials/WebDev/VUE_laravelcrud/vendor/laravel/framework/src/Illuminate/Container/BoundMethod.php(37): Illuminate\\Container\\BoundMethod::callBoundMethod()
#7 /run/media/dany98/Shared/Working/Tutorials/WebDev/VUE_laravelcrud/vendor/laravel/framework/src/Illuminate/Container/Container.php(653): Illuminate\\Container\\BoundMethod::call()
#8 /run/media/dany98/Shared/Working/Tutorials/WebDev/VUE_laravelcrud/vendor/laravel/framework/src/Illuminate/Console/Command.php(136): Illuminate\\Container\\Container->call()
#9 /run/media/dany98/Shared/Working/Tutorials/WebDev/VUE_laravelcrud/vendor/symfony/console/Command/Command.php(298): Illuminate\\Console\\Command->execute()
#10 /run/media/dany98/Shared/Working/Tutorials/WebDev/VUE_laravelcrud/vendor/laravel/framework/src/Illuminate/Console/Command.php(121): Symfony\\Component\\Console\\Command\\Command->run()
#11 /run/media/dany98/Shared/Working/Tutorials/WebDev/VUE_laravelcrud/vendor/symfony/console/Application.php(1024): Illuminate\\Console\\Command->run()
#12 /run/media/dany98/Shared/Working/Tutorials/WebDev/VUE_laravelcrud/vendor/symfony/console/Application.php(299): Symfony\\Component\\Console\\Application->doRunCommand()
#13 /run/media/dany98/Shared/Working/Tutorials/WebDev/VUE_laravelcrud/vendor/symfony/console/Application.php(171): Symfony\\Component\\Console\\Application->doRun()
#14 /run/media/dany98/Shared/Working/Tutorials/WebDev/VUE_laravelcrud/vendor/laravel/framework/src/Illuminate/Console/Application.php(94): Symfony\\Component\\Console\\Application->run()
#15 /run/media/dany98/Shared/Working/Tutorials/WebDev/VUE_laravelcrud/vendor/laravel/framework/src/Illuminate/Foundation/Console/Kernel.php(129): Illuminate\\Console\\Application->run()
#16 /run/media/dany98/Shared/Working/Tutorials/WebDev/VUE_laravelcrud/artisan(37): Illuminate\\Foundation\\Console\\Kernel->handle()
#17 {main}
"} 
