[2022-07-11 02:56:00] local.ERROR: Target class [StudentController] does not exist. {"exception":"[object] (Illuminate\\Contracts\\Container\\BindingResolutionException(code: 0): Target class [StudentController] does not exist. at /run/media/dany98/Shared/Working/Tutorials/WebDev/VUE_laravel9crud/vendor/laravel/framework/src/Illuminate/Container/Container.php:879)
[stacktrace]
#0 /run/media/dany98/Shared/Working/Tutorials/WebDev/VUE_laravel9crud/vendor/laravel/framework/src/Illuminate/Container/Container.php(758): Illuminate\\Container\\Container->build()
#1 /run/media/dany98/Shared/Working/Tutorials/WebDev/VUE_laravel9crud/vendor/laravel/framework/src/Illuminate/Foundation/Application.php(851): Illuminate\\Container\\Container->resolve()
#2 /run/media/dany98/Shared/Working/Tutorials/WebDev/VUE_laravel9crud/vendor/laravel/framework/src/Illuminate/Container/Container.php(694): Illuminate\\Foundation\\Application->resolve()
#3 /run/media/dany98/Shared/Working/Tutorials/WebDev/VUE_laravel9crud/vendor/laravel/framework/src/Illuminate/Foundation/Application.php(836): Illuminate\\Container\\Container->make()
#4 /run/media/dany98/Shared/Working/Tutorials/WebDev/VUE_laravel9crud/vendor/laravel/framework/src/Illuminate/Routing/Route.php(276): Illuminate\\Foundation\\Application->make()
#5 /run/media/dany98/Shared/Working/Tutorials/WebDev/VUE_laravel9crud/vendor/laravel/framework/src/Illuminate/Routing/Route.php(1069): Illuminate\\Routing\\Route->getController()
#6 /run/media/dany98/Shared/Working/Tutorials/WebDev/VUE_laravel9crud/vendor/laravel/framework/src/Illuminate/Routing/Route.php(1012): Illuminate\\Routing\\Route->controllerMiddleware()
#7 /run/media/dany98/Shared/Working/Tutorials/WebDev/VUE_laravel9crud/vendor/laravel/framework/src/Illuminate/Routing/Router.php(734): Illuminate\\Routing\\Route->gatherMiddleware()
#8 /run/media/dany98/Shared/Working/Tutorials/WebDev/VUE_laravel9crud/vendor/laravel/framework/src/Illuminate/Foundation/Console/RouteListCommand.php(175): Illuminate\\Routing\\Router->gatherRouteMiddleware()
#9 /run/media/dany98/Shared/Working/Tutorials/WebDev/VUE_laravel9crud/vendor/laravel/framework/src/Illuminate/Foundation/Console/RouteListCommand.php(119): Illuminate\\Foundation\\Console\\RouteListCommand->getMiddleware()
#10 /run/media/dany98/Shared/Working/Tutorials/WebDev/VUE_laravel9crud/vendor/laravel/framework/src/Illuminate/Foundation/Console/RouteListCommand.php(91): Illuminate\\Foundation\\Console\\RouteListCommand->getRouteInformation()
#11 [internal function]: Illuminate\\Foundation\\Console\\RouteListCommand->Illuminate\\Foundation\\Console\\{closure}()
#12 /run/media/dany98/Shared/Working/Tutorials/WebDev/VUE_laravel9crud/vendor/laravel/framework/src/Illuminate/Collections/Collection.php(695): array_map()
#13 /run/media/dany98/Shared/Working/Tutorials/WebDev/VUE_laravel9crud/vendor/laravel/framework/src/Illuminate/Foundation/Console/RouteListCommand.php(92): Illuminate\\Support\\Collection->map()
#14 /run/media/dany98/Shared/Working/Tutorials/WebDev/VUE_laravel9crud/vendor/laravel/framework/src/Illuminate/Foundation/Console/RouteListCommand.php(76): Illuminate\\Foundation\\Console\\RouteListCommand->getRoutes()
#15 /run/media/dany98/Shared/Working/Tutorials/WebDev/VUE_laravel9crud/vendor/laravel/framework/src/Illuminate/Container/BoundMethod.php(36): Illuminate\\Foundation\\Console\\RouteListCommand->handle()
#16 /run/media/dany98/Shared/Working/Tutorials/WebDev/VUE_laravel9crud/vendor/laravel/framework/src/Illuminate/Container/Util.php(40): Illuminate\\Container\\BoundMethod::Illuminate\\Container\\{closure}()
#17 /run/media/dany98/Shared/Working/Tutorials/WebDev/VUE_laravel9crud/vendor/laravel/framework/src/Illuminate/Container/BoundMethod.php(93): Illuminate\\Container\\Util::unwrapIfClosure()
#18 /run/media/dany98/Shared/Working/Tutorials/WebDev/VUE_laravel9crud/vendor/laravel/framework/src/Illuminate/Container/BoundMethod.php(37): Illuminate\\Container\\BoundMethod::callBoundMethod()
#19 /run/media/dany98/Shared/Working/Tutorials/WebDev/VUE_laravel9crud/vendor/laravel/framework/src/Illuminate/Container/Container.php(653): Illuminate\\Container\\BoundMethod::call()
#20 /run/media/dany98/Shared/Working/Tutorials/WebDev/VUE_laravel9crud/vendor/laravel/framework/src/Illuminate/Console/Command.php(136): Illuminate\\Container\\Container->call()
#21 /run/media/dany98/Shared/Working/Tutorials/WebDev/VUE_laravel9crud/vendor/symfony/console/Command/Command.php(298): Illuminate\\Console\\Command->execute()
#22 /run/media/dany98/Shared/Working/Tutorials/WebDev/VUE_laravel9crud/vendor/laravel/framework/src/Illuminate/Console/Command.php(121): Symfony\\Component\\Console\\Command\\Command->run()
#23 /run/media/dany98/Shared/Working/Tutorials/WebDev/VUE_laravel9crud/vendor/symfony/console/Application.php(1024): Illuminate\\Console\\Command->run()
#24 /run/media/dany98/Shared/Working/Tutorials/WebDev/VUE_laravel9crud/vendor/symfony/console/Application.php(299): Symfony\\Component\\Console\\Application->doRunCommand()
#25 /run/media/dany98/Shared/Working/Tutorials/WebDev/VUE_laravel9crud/vendor/symfony/console/Application.php(171): Symfony\\Component\\Console\\Application->doRun()
#26 /run/media/dany98/Shared/Working/Tutorials/WebDev/VUE_laravel9crud/vendor/laravel/framework/src/Illuminate/Console/Application.php(94): Symfony\\Component\\Console\\Application->run()
#27 /run/media/dany98/Shared/Working/Tutorials/WebDev/VUE_laravel9crud/vendor/laravel/framework/src/Illuminate/Foundation/Console/Kernel.php(129): Illuminate\\Console\\Application->run()
#28 /run/media/dany98/Shared/Working/Tutorials/WebDev/VUE_laravel9crud/artisan(37): Illuminate\\Foundation\\Console\\Kernel->handle()
#29 {main}

[previous exception] [object] (ReflectionException(code: -1): Class StudentController does not exist at /run/media/dany98/Shared/Working/Tutorials/WebDev/VUE_laravel9crud/vendor/laravel/framework/src/Illuminate/Container/Container.php:877)
[stacktrace]
#0 /run/media/dany98/Shared/Working/Tutorials/WebDev/VUE_laravel9crud/vendor/laravel/framework/src/Illuminate/Container/Container.php(877): ReflectionClass->__construct()
#1 /run/media/dany98/Shared/Working/Tutorials/WebDev/VUE_laravel9crud/vendor/laravel/framework/src/Illuminate/Container/Container.php(758): Illuminate\\Container\\Container->build()
#2 /run/media/dany98/Shared/Working/Tutorials/WebDev/VUE_laravel9crud/vendor/laravel/framework/src/Illuminate/Foundation/Application.php(851): Illuminate\\Container\\Container->resolve()
#3 /run/media/dany98/Shared/Working/Tutorials/WebDev/VUE_laravel9crud/vendor/laravel/framework/src/Illuminate/Container/Container.php(694): Illuminate\\Foundation\\Application->resolve()
#4 /run/media/dany98/Shared/Working/Tutorials/WebDev/VUE_laravel9crud/vendor/laravel/framework/src/Illuminate/Foundation/Application.php(836): Illuminate\\Container\\Container->make()
#5 /run/media/dany98/Shared/Working/Tutorials/WebDev/VUE_laravel9crud/vendor/laravel/framework/src/Illuminate/Routing/Route.php(276): Illuminate\\Foundation\\Application->make()
#6 /run/media/dany98/Shared/Working/Tutorials/WebDev/VUE_laravel9crud/vendor/laravel/framework/src/Illuminate/Routing/Route.php(1069): Illuminate\\Routing\\Route->getController()
#7 /run/media/dany98/Shared/Working/Tutorials/WebDev/VUE_laravel9crud/vendor/laravel/framework/src/Illuminate/Routing/Route.php(1012): Illuminate\\Routing\\Route->controllerMiddleware()
#8 /run/media/dany98/Shared/Working/Tutorials/WebDev/VUE_laravel9crud/vendor/laravel/framework/src/Illuminate/Routing/Router.php(734): Illuminate\\Routing\\Route->gatherMiddleware()
#9 /run/media/dany98/Shared/Working/Tutorials/WebDev/VUE_laravel9crud/vendor/laravel/framework/src/Illuminate/Foundation/Console/RouteListCommand.php(175): Illuminate\\Routing\\Router->gatherRouteMiddleware()
#10 /run/media/dany98/Shared/Working/Tutorials/WebDev/VUE_laravel9crud/vendor/laravel/framework/src/Illuminate/Foundation/Console/RouteListCommand.php(119): Illuminate\\Foundation\\Console\\RouteListCommand->getMiddleware()
#11 /run/media/dany98/Shared/Working/Tutorials/WebDev/VUE_laravel9crud/vendor/laravel/framework/src/Illuminate/Foundation/Console/RouteListCommand.php(91): Illuminate\\Foundation\\Console\\RouteListCommand->getRouteInformation()
#12 [internal function]: Illuminate\\Foundation\\Console\\RouteListCommand->Illuminate\\Foundation\\Console\\{closure}()
#13 /run/media/dany98/Shared/Working/Tutorials/WebDev/VUE_laravel9crud/vendor/laravel/framework/src/Illuminate/Collections/Collection.php(695): array_map()
#14 /run/media/dany98/Shared/Working/Tutorials/WebDev/VUE_laravel9crud/vendor/laravel/framework/src/Illuminate/Foundation/Console/RouteListCommand.php(92): Illuminate\\Support\\Collection->map()
#15 /run/media/dany98/Shared/Working/Tutorials/WebDev/VUE_laravel9crud/vendor/laravel/framework/src/Illuminate/Foundation/Console/RouteListCommand.php(76): Illuminate\\Foundation\\Console\\RouteListCommand->getRoutes()
#16 /run/media/dany98/Shared/Working/Tutorials/WebDev/VUE_laravel9crud/vendor/laravel/framework/src/Illuminate/Container/BoundMethod.php(36): Illuminate\\Foundation\\Console\\RouteListCommand->handle()
#17 /run/media/dany98/Shared/Working/Tutorials/WebDev/VUE_laravel9crud/vendor/laravel/framework/src/Illuminate/Container/Util.php(40): Illuminate\\Container\\BoundMethod::Illuminate\\Container\\{closure}()
#18 /run/media/dany98/Shared/Working/Tutorials/WebDev/VUE_laravel9crud/vendor/laravel/framework/src/Illuminate/Container/BoundMethod.php(93): Illuminate\\Container\\Util::unwrapIfClosure()
#19 /run/media/dany98/Shared/Working/Tutorials/WebDev/VUE_laravel9crud/vendor/laravel/framework/src/Illuminate/Container/BoundMethod.php(37): Illuminate\\Container\\BoundMethod::callBoundMethod()
#20 /run/media/dany98/Shared/Working/Tutorials/WebDev/VUE_laravel9crud/vendor/laravel/framework/src/Illuminate/Container/Container.php(653): Illuminate\\Container\\BoundMethod::call()
#21 /run/media/dany98/Shared/Working/Tutorials/WebDev/VUE_laravel9crud/vendor/laravel/framework/src/Illuminate/Console/Command.php(136): Illuminate\\Container\\Container->call()
#22 /run/media/dany98/Shared/Working/Tutorials/WebDev/VUE_laravel9crud/vendor/symfony/console/Command/Command.php(298): Illuminate\\Console\\Command->execute()
#23 /run/media/dany98/Shared/Working/Tutorials/WebDev/VUE_laravel9crud/vendor/laravel/framework/src/Illuminate/Console/Command.php(121): Symfony\\Component\\Console\\Command\\Command->run()
#24 /run/media/dany98/Shared/Working/Tutorials/WebDev/VUE_laravel9crud/vendor/symfony/console/Application.php(1024): Illuminate\\Console\\Command->run()
#25 /run/media/dany98/Shared/Working/Tutorials/WebDev/VUE_laravel9crud/vendor/symfony/console/Application.php(299): Symfony\\Component\\Console\\Application->doRunCommand()
#26 /run/media/dany98/Shared/Working/Tutorials/WebDev/VUE_laravel9crud/vendor/symfony/console/Application.php(171): Symfony\\Component\\Console\\Application->doRun()
#27 /run/media/dany98/Shared/Working/Tutorials/WebDev/VUE_laravel9crud/vendor/laravel/framework/src/Illuminate/Console/Application.php(94): Symfony\\Component\\Console\\Application->run()
#28 /run/media/dany98/Shared/Working/Tutorials/WebDev/VUE_laravel9crud/vendor/laravel/framework/src/Illuminate/Foundation/Console/Kernel.php(129): Illuminate\\Console\\Application->run()
#29 /run/media/dany98/Shared/Working/Tutorials/WebDev/VUE_laravel9crud/artisan(37): Illuminate\\Foundation\\Console\\Kernel->handle()
#30 {main}
"} 
[2022-07-11 02:57:06] local.ERROR: Target class [App\Controllers\StudentController] does not exist. {"exception":"[object] (Illuminate\\Contracts\\Container\\BindingResolutionException(code: 0): Target class [App\\Controllers\\StudentController] does not exist. at /run/media/dany98/Shared/Working/Tutorials/WebDev/VUE_laravel9crud/vendor/laravel/framework/src/Illuminate/Container/Container.php:879)
[stacktrace]
#0 /run/media/dany98/Shared/Working/Tutorials/WebDev/VUE_laravel9crud/vendor/laravel/framework/src/Illuminate/Container/Container.php(758): Illuminate\\Container\\Container->build()
#1 /run/media/dany98/Shared/Working/Tutorials/WebDev/VUE_laravel9crud/vendor/laravel/framework/src/Illuminate/Foundation/Application.php(851): Illuminate\\Container\\Container->resolve()
#2 /run/media/dany98/Shared/Working/Tutorials/WebDev/VUE_laravel9crud/vendor/laravel/framework/src/Illuminate/Container/Container.php(694): Illuminate\\Foundation\\Application->resolve()
#3 /run/media/dany98/Shared/Working/Tutorials/WebDev/VUE_laravel9crud/vendor/laravel/framework/src/Illuminate/Foundation/Application.php(836): Illuminate\\Container\\Container->make()
#4 /run/media/dany98/Shared/Working/Tutorials/WebDev/VUE_laravel9crud/vendor/laravel/framework/src/Illuminate/Routing/Route.php(276): Illuminate\\Foundation\\Application->make()
#5 /run/media/dany98/Shared/Working/Tutorials/WebDev/VUE_laravel9crud/vendor/laravel/framework/src/Illuminate/Routing/Route.php(1069): Illuminate\\Routing\\Route->getController()
#6 /run/media/dany98/Shared/Working/Tutorials/WebDev/VUE_laravel9crud/vendor/laravel/framework/src/Illuminate/Routing/Route.php(1012): Illuminate\\Routing\\Route->controllerMiddleware()
#7 /run/media/dany98/Shared/Working/Tutorials/WebDev/VUE_laravel9crud/vendor/laravel/framework/src/Illuminate/Routing/Router.php(734): Illuminate\\Routing\\Route->gatherMiddleware()
#8 /run/media/dany98/Shared/Working/Tutorials/WebDev/VUE_laravel9crud/vendor/laravel/framework/src/Illuminate/Foundation/Console/RouteListCommand.php(175): Illuminate\\Routing\\Router->gatherRouteMiddleware()
#9 /run/media/dany98/Shared/Working/Tutorials/WebDev/VUE_laravel9crud/vendor/laravel/framework/src/Illuminate/Foundation/Console/RouteListCommand.php(119): Illuminate\\Foundation\\Console\\RouteListCommand->getMiddleware()
#10 /run/media/dany98/Shared/Working/Tutorials/WebDev/VUE_laravel9crud/vendor/laravel/framework/src/Illuminate/Foundation/Console/RouteListCommand.php(91): Illuminate\\Foundation\\Console\\RouteListCommand->getRouteInformation()
#11 [internal function]: Illuminate\\Foundation\\Console\\RouteListCommand->Illuminate\\Foundation\\Console\\{closure}()
#12 /run/media/dany98/Shared/Working/Tutorials/WebDev/VUE_laravel9crud/vendor/laravel/framework/src/Illuminate/Collections/Collection.php(695): array_map()
#13 /run/media/dany98/Shared/Working/Tutorials/WebDev/VUE_laravel9crud/vendor/laravel/framework/src/Illuminate/Foundation/Console/RouteListCommand.php(92): Illuminate\\Support\\Collection->map()
#14 /run/media/dany98/Shared/Working/Tutorials/WebDev/VUE_laravel9crud/vendor/laravel/framework/src/Illuminate/Foundation/Console/RouteListCommand.php(76): Illuminate\\Foundation\\Console\\RouteListCommand->getRoutes()
#15 /run/media/dany98/Shared/Working/Tutorials/WebDev/VUE_laravel9crud/vendor/laravel/framework/src/Illuminate/Container/BoundMethod.php(36): Illuminate\\Foundation\\Console\\RouteListCommand->handle()
#16 /run/media/dany98/Shared/Working/Tutorials/WebDev/VUE_laravel9crud/vendor/laravel/framework/src/Illuminate/Container/Util.php(40): Illuminate\\Container\\BoundMethod::Illuminate\\Container\\{closure}()
#17 /run/media/dany98/Shared/Working/Tutorials/WebDev/VUE_laravel9crud/vendor/laravel/framework/src/Illuminate/Container/BoundMethod.php(93): Illuminate\\Container\\Util::unwrapIfClosure()
#18 /run/media/dany98/Shared/Working/Tutorials/WebDev/VUE_laravel9crud/vendor/laravel/framework/src/Illuminate/Container/BoundMethod.php(37): Illuminate\\Container\\BoundMethod::callBoundMethod()
#19 /run/media/dany98/Shared/Working/Tutorials/WebDev/VUE_laravel9crud/vendor/laravel/framework/src/Illuminate/Container/Container.php(653): Illuminate\\Container\\BoundMethod::call()
#20 /run/media/dany98/Shared/Working/Tutorials/WebDev/VUE_laravel9crud/vendor/laravel/framework/src/Illuminate/Console/Command.php(136): Illuminate\\Container\\Container->call()
#21 /run/media/dany98/Shared/Working/Tutorials/WebDev/VUE_laravel9crud/vendor/symfony/console/Command/Command.php(298): Illuminate\\Console\\Command->execute()
#22 /run/media/dany98/Shared/Working/Tutorials/WebDev/VUE_laravel9crud/vendor/laravel/framework/src/Illuminate/Console/Command.php(121): Symfony\\Component\\Console\\Command\\Command->run()
#23 /run/media/dany98/Shared/Working/Tutorials/WebDev/VUE_laravel9crud/vendor/symfony/console/Application.php(1024): Illuminate\\Console\\Command->run()
#24 /run/media/dany98/Shared/Working/Tutorials/WebDev/VUE_laravel9crud/vendor/symfony/console/Application.php(299): Symfony\\Component\\Console\\Application->doRunCommand()
#25 /run/media/dany98/Shared/Working/Tutorials/WebDev/VUE_laravel9crud/vendor/symfony/console/Application.php(171): Symfony\\Component\\Console\\Application->doRun()
#26 /run/media/dany98/Shared/Working/Tutorials/WebDev/VUE_laravel9crud/vendor/laravel/framework/src/Illuminate/Console/Application.php(94): Symfony\\Component\\Console\\Application->run()
#27 /run/media/dany98/Shared/Working/Tutorials/WebDev/VUE_laravel9crud/vendor/laravel/framework/src/Illuminate/Foundation/Console/Kernel.php(129): Illuminate\\Console\\Application->run()
#28 /run/media/dany98/Shared/Working/Tutorials/WebDev/VUE_laravel9crud/artisan(37): Illuminate\\Foundation\\Console\\Kernel->handle()
#29 {main}

[previous exception] [object] (ReflectionException(code: -1): Class App\\Controllers\\StudentController does not exist at /run/media/dany98/Shared/Working/Tutorials/WebDev/VUE_laravel9crud/vendor/laravel/framework/src/Illuminate/Container/Container.php:877)
[stacktrace]
#0 /run/media/dany98/Shared/Working/Tutorials/WebDev/VUE_laravel9crud/vendor/laravel/framework/src/Illuminate/Container/Container.php(877): ReflectionClass->__construct()
#1 /run/media/dany98/Shared/Working/Tutorials/WebDev/VUE_laravel9crud/vendor/laravel/framework/src/Illuminate/Container/Container.php(758): Illuminate\\Container\\Container->build()
#2 /run/media/dany98/Shared/Working/Tutorials/WebDev/VUE_laravel9crud/vendor/laravel/framework/src/Illuminate/Foundation/Application.php(851): Illuminate\\Container\\Container->resolve()
#3 /run/media/dany98/Shared/Working/Tutorials/WebDev/VUE_laravel9crud/vendor/laravel/framework/src/Illuminate/Container/Container.php(694): Illuminate\\Foundation\\Application->resolve()
#4 /run/media/dany98/Shared/Working/Tutorials/WebDev/VUE_laravel9crud/vendor/laravel/framework/src/Illuminate/Foundation/Application.php(836): Illuminate\\Container\\Container->make()
#5 /run/media/dany98/Shared/Working/Tutorials/WebDev/VUE_laravel9crud/vendor/laravel/framework/src/Illuminate/Routing/Route.php(276): Illuminate\\Foundation\\Application->make()
#6 /run/media/dany98/Shared/Working/Tutorials/WebDev/VUE_laravel9crud/vendor/laravel/framework/src/Illuminate/Routing/Route.php(1069): Illuminate\\Routing\\Route->getController()
#7 /run/media/dany98/Shared/Working/Tutorials/WebDev/VUE_laravel9crud/vendor/laravel/framework/src/Illuminate/Routing/Route.php(1012): Illuminate\\Routing\\Route->controllerMiddleware()
#8 /run/media/dany98/Shared/Working/Tutorials/WebDev/VUE_laravel9crud/vendor/laravel/framework/src/Illuminate/Routing/Router.php(734): Illuminate\\Routing\\Route->gatherMiddleware()
#9 /run/media/dany98/Shared/Working/Tutorials/WebDev/VUE_laravel9crud/vendor/laravel/framework/src/Illuminate/Foundation/Console/RouteListCommand.php(175): Illuminate\\Routing\\Router->gatherRouteMiddleware()
#10 /run/media/dany98/Shared/Working/Tutorials/WebDev/VUE_laravel9crud/vendor/laravel/framework/src/Illuminate/Foundation/Console/RouteListCommand.php(119): Illuminate\\Foundation\\Console\\RouteListCommand->getMiddleware()
#11 /run/media/dany98/Shared/Working/Tutorials/WebDev/VUE_laravel9crud/vendor/laravel/framework/src/Illuminate/Foundation/Console/RouteListCommand.php(91): Illuminate\\Foundation\\Console\\RouteListCommand->getRouteInformation()
#12 [internal function]: Illuminate\\Foundation\\Console\\RouteListCommand->Illuminate\\Foundation\\Console\\{closure}()
#13 /run/media/dany98/Shared/Working/Tutorials/WebDev/VUE_laravel9crud/vendor/laravel/framework/src/Illuminate/Collections/Collection.php(695): array_map()
#14 /run/media/dany98/Shared/Working/Tutorials/WebDev/VUE_laravel9crud/vendor/laravel/framework/src/Illuminate/Foundation/Console/RouteListCommand.php(92): Illuminate\\Support\\Collection->map()
#15 /run/media/dany98/Shared/Working/Tutorials/WebDev/VUE_laravel9crud/vendor/laravel/framework/src/Illuminate/Foundation/Console/RouteListCommand.php(76): Illuminate\\Foundation\\Console\\RouteListCommand->getRoutes()
#16 /run/media/dany98/Shared/Working/Tutorials/WebDev/VUE_laravel9crud/vendor/laravel/framework/src/Illuminate/Container/BoundMethod.php(36): Illuminate\\Foundation\\Console\\RouteListCommand->handle()
#17 /run/media/dany98/Shared/Working/Tutorials/WebDev/VUE_laravel9crud/vendor/laravel/framework/src/Illuminate/Container/Util.php(40): Illuminate\\Container\\BoundMethod::Illuminate\\Container\\{closure}()
#18 /run/media/dany98/Shared/Working/Tutorials/WebDev/VUE_laravel9crud/vendor/laravel/framework/src/Illuminate/Container/BoundMethod.php(93): Illuminate\\Container\\Util::unwrapIfClosure()
#19 /run/media/dany98/Shared/Working/Tutorials/WebDev/VUE_laravel9crud/vendor/laravel/framework/src/Illuminate/Container/BoundMethod.php(37): Illuminate\\Container\\BoundMethod::callBoundMethod()
#20 /run/media/dany98/Shared/Working/Tutorials/WebDev/VUE_laravel9crud/vendor/laravel/framework/src/Illuminate/Container/Container.php(653): Illuminate\\Container\\BoundMethod::call()
#21 /run/media/dany98/Shared/Working/Tutorials/WebDev/VUE_laravel9crud/vendor/laravel/framework/src/Illuminate/Console/Command.php(136): Illuminate\\Container\\Container->call()
#22 /run/media/dany98/Shared/Working/Tutorials/WebDev/VUE_laravel9crud/vendor/symfony/console/Command/Command.php(298): Illuminate\\Console\\Command->execute()
#23 /run/media/dany98/Shared/Working/Tutorials/WebDev/VUE_laravel9crud/vendor/laravel/framework/src/Illuminate/Console/Command.php(121): Symfony\\Component\\Console\\Command\\Command->run()
#24 /run/media/dany98/Shared/Working/Tutorials/WebDev/VUE_laravel9crud/vendor/symfony/console/Application.php(1024): Illuminate\\Console\\Command->run()
#25 /run/media/dany98/Shared/Working/Tutorials/WebDev/VUE_laravel9crud/vendor/symfony/console/Application.php(299): Symfony\\Component\\Console\\Application->doRunCommand()
#26 /run/media/dany98/Shared/Working/Tutorials/WebDev/VUE_laravel9crud/vendor/symfony/console/Application.php(171): Symfony\\Component\\Console\\Application->doRun()
#27 /run/media/dany98/Shared/Working/Tutorials/WebDev/VUE_laravel9crud/vendor/laravel/framework/src/Illuminate/Console/Application.php(94): Symfony\\Component\\Console\\Application->run()
#28 /run/media/dany98/Shared/Working/Tutorials/WebDev/VUE_laravel9crud/vendor/laravel/framework/src/Illuminate/Foundation/Console/Kernel.php(129): Illuminate\\Console\\Application->run()
#29 /run/media/dany98/Shared/Working/Tutorials/WebDev/VUE_laravel9crud/artisan(37): Illuminate\\Foundation\\Console\\Kernel->handle()
#30 {main}
"} 
